23/02/27 18:54:39 ** --- MESSAGE BEGIN ---
23/02/27 18:54:39 ** To: php.mailing.scroll2202@gmail.com
23/02/27 18:54:39 ** Subject: Hello World
23/02/27 18:54:39 ** 
23/02/27 18:54:39 ** This is email body
23/02/27 18:54:39 ** --- MESSAGE END ---
23/02/27 18:54:40 ** Connecting to smtp.gmail.com:587
23/02/27 18:54:40 ** Connected.
23/02/27 18:54:40 << 220 smtp.gmail.com ESMTP v13-20020a170902e8cd00b001963a178dfcsm4421776plg.244 - gsmtp<EOL>
23/02/27 18:54:40 >> EHLO DESKTOP-DHIV2FD<EOL>
23/02/27 18:54:40 << 250-smtp.gmail.com at your service, [159.192.41.154]<EOL>250-SIZE 35882577<EOL>250-8BITMIME<EOL>250-STARTTLS<EOL>250-ENHANCEDSTATUSCODES<EOL>250-PIPELINING<EOL>250-CHUNKING<EOL>250 SMTPUTF8<EOL>
23/02/27 18:54:40 ** Authenticating as 2641031441345@rmutr.ac.th
23/02/27 18:54:40 >> STARTTLS<EOL>
23/02/27 18:54:40 << 220 2.0.0 Ready to start TLS<EOL>
23/02/27 18:54:40 >> EHLO DESKTOP-DHIV2FD<EOL>
23/02/27 18:54:40 << 250-smtp.gmail.com at your service, [159.192.41.154]<EOL>250-SIZE 35882577<EOL>250-8BITMIME<EOL>250-AUTH LOGIN PLAIN XOAUTH2 PLAIN-CLIENTTOKEN OAUTHBEARER XOAUTH<EOL>250-ENHANCEDSTATUSCODES<EOL>250-PIPELINING<EOL>250-CHUNKING<EOL>250 SMTPUTF8<EOL>
23/02/27 18:54:40 >> AUTH LOGIN<EOL>
23/02/27 18:54:41 << 334 VXNlcm5hbWU6<EOL>
23/02/27 18:54:41 >> MjY0MTAzMTQ0MTM0NUBybXV0ci5hYy50aA==<EOL>
23/02/27 18:54:41 << 334 UGFzc3dvcmQ6<EOL>
23/02/27 18:54:41 >> MDkwMTQ5MDQ2NQ==<EOL>
23/02/27 18:54:41 << 535-5.7.8 Username and Password not accepted. Learn more at<EOL>535 5.7.8  https://support.google.com/mail/?p=BadCredentials v13-20020a170902e8cd00b001963a178dfcsm4421776plg.244 - gsmtp<EOL>
23/02/27 18:54:41 ** Disconnecting from smtp.gmail.com:587
23/02/27 18:54:41 ** Disconnected.
23/02/27 18:54:41 ** Disconnected.
23/02/27 18:54:41 ** Username and Password not accepted. Learn more at<EOL> https://support.google.com/mail/?p=BadCredentials v13-20020a170902e8cd00b001963a178dfcsm4421776plg.244 - gsmtp<EOL>
23/02/27 18:55:48 ** --- MESSAGE BEGIN ---
23/02/27 18:55:48 ** To: php.mailing.scroll2202@gmail.com
23/02/27 18:55:48 ** Subject: Hello World
23/02/27 18:55:48 ** 
23/02/27 18:55:48 ** This is email body
23/02/27 18:55:48 ** --- MESSAGE END ---
23/02/27 18:55:48 ** Connecting to smtp.gmail.com:587
23/02/27 18:55:49 ** Connected.
23/02/27 18:55:49 << 220 smtp.gmail.com ESMTP l3-20020a17090a49c300b0023371cb020csm5954106pjm.34 - gsmtp<EOL>
23/02/27 18:55:49 >> EHLO DESKTOP-DHIV2FD<EOL>
23/02/27 18:55:49 << 250-smtp.gmail.com at your service, [159.192.41.154]<EOL>250-SIZE 35882577<EOL>250-8BITMIME<EOL>250-STARTTLS<EOL>250-ENHANCEDSTATUSCODES<EOL>250-PIPELINING<EOL>250-CHUNKING<EOL>250 SMTPUTF8<EOL>
23/02/27 18:55:49 ** Authenticating as popc2202@gmail.com
23/02/27 18:55:49 >> STARTTLS<EOL>
23/02/27 18:55:49 << 220 2.0.0 Ready to start TLS<EOL>
23/02/27 18:55:49 >> EHLO DESKTOP-DHIV2FD<EOL>
23/02/27 18:55:49 << 250-smtp.gmail.com at your service, [159.192.41.154]<EOL>250-SIZE 35882577<EOL>250-8BITMIME<EOL>250-AUTH LOGIN PLAIN XOAUTH2 PLAIN-CLIENTTOKEN OAUTHBEARER XOAUTH<EOL>250-ENHANCEDSTATUSCODES<EOL>250-PIPELINING<EOL>250-CHUNKING<EOL>250 SMTPUTF8<EOL>
23/02/27 18:55:49 >> AUTH LOGIN<EOL>
23/02/27 18:55:49 << 334 VXNlcm5hbWU6<EOL>
23/02/27 18:55:49 >> cG9wYzIyMDJAZ21haWwuY29t<EOL>
23/02/27 18:55:50 << 334 UGFzc3dvcmQ6<EOL>
23/02/27 18:55:50 >> MDkwMTQ5MDQ2NVph<EOL>
23/02/27 18:55:50 << 535-5.7.8 Username and Password not accepted. Learn more at<EOL>535 5.7.8  https://support.google.com/mail/?p=BadCredentials l3-20020a17090a49c300b0023371cb020csm5954106pjm.34 - gsmtp<EOL>
23/02/27 18:55:50 ** Disconnecting from smtp.gmail.com:587
23/02/27 18:55:50 ** Disconnected.
23/02/27 18:55:50 ** Disconnected.
23/02/27 18:55:50 ** Username and Password not accepted. Learn more at<EOL> https://support.google.com/mail/?p=BadCredentials l3-20020a17090a49c300b0023371cb020csm5954106pjm.34 - gsmtp<EOL>
